{"C:\\Users\\Shubham kahar\\Desktop\\React-Practise\\NamasteReact\\react-4\\src\\components\\Contact.jsx": {"path":"C:\\Users\\Shubham kahar\\Desktop\\React-Practise\\NamasteReact\\react-4\\src\\components\\Contact.jsx","statementMap":{"0":{"start":{"line":1,"column":16},"end":{"line":45,"column":1}},"1":{"start":{"line":2,"column":2},"end":{"line":44,"column":4}}},"fnMap":{"0":{"name":"(anonymous_0)","decl":{"start":{"line":1,"column":16},"end":{"line":1,"column":17}},"loc":{"start":{"line":1,"column":22},"end":{"line":45,"column":1}},"line":1}},"branchMap":{},"s":{"0":1,"1":1},"f":{"0":1},"b":{},"_coverageSchema":"1a1c01bbd47fc00a2c39e90264f33305004495a9","hash":"84f0885fa376a49107d1b82cca3c093d1367fd79"}
,"C:\\Users\\Shubham kahar\\Desktop\\React-Practise\\NamasteReact\\react-4\\src\\components\\sum.js": {"path":"C:\\Users\\Shubham kahar\\Desktop\\React-Practise\\NamasteReact\\react-4\\src\\components\\sum.js","statementMap":{"0":{"start":{"line":1,"column":19},"end":{"line":3,"column":1}},"1":{"start":{"line":2,"column":2},"end":{"line":2,"column":15}}},"fnMap":{"0":{"name":"(anonymous_0)","decl":{"start":{"line":1,"column":19},"end":{"line":1,"column":20}},"loc":{"start":{"line":1,"column":29},"end":{"line":3,"column":1}},"line":1}},"branchMap":{},"s":{"0":1,"1":1},"f":{"0":1},"b":{},"_coverageSchema":"1a1c01bbd47fc00a2c39e90264f33305004495a9","hash":"3ed9f1f58dad545b493f57fab53733e6b16f4798"}
}
