{"C:\\Users\\Shubham kahar\\Desktop\\React-Practise\\NamasteReact\\react-4\\src\\components\\Contact.jsx": {"path":"C:\\Users\\Shubham kahar\\Desktop\\React-Practise\\NamasteReact\\react-4\\src\\components\\Contact.jsx","statementMap":{"0":{"start":{"line":1,"column":16},"end":{"line":45,"column":1}},"1":{"start":{"line":2,"column":2},"end":{"line":44,"column":4}}},"fnMap":{"0":{"name":"(anonymous_0)","decl":{"start":{"line":1,"column":16},"end":{"line":1,"column":17}},"loc":{"start":{"line":1,"column":22},"end":{"line":45,"column":1}},"line":1}},"branchMap":{},"s":{"0":1,"1":4},"f":{"0":4},"b":{},"_coverageSchema":"1a1c01bbd47fc00a2c39e90264f33305004495a9","hash":"84f0885fa376a49107d1b82cca3c093d1367fd79"}
,"C:\\Users\\Shubham kahar\\Desktop\\React-Practise\\NamasteReact\\react-4\\src\\components\\Header.jsx": {"path":"C:\\Users\\Shubham kahar\\Desktop\\React-Practise\\NamasteReact\\react-4\\src\\components\\Header.jsx","statementMap":{"0":{"start":{"line":7,"column":15},"end":{"line":71,"column":1}},"1":{"start":{"line":10,"column":34},"end":{"line":10,"column":51}},"2":{"start":{"line":11,"column":25},"end":{"line":11,"column":42}},"3":{"start":{"line":12,"column":0},"end":{"line":12,"column":29}},"4":{"start":{"line":16,"column":23},"end":{"line":16,"column":46}},"5":{"start":{"line":22,"column":19},"end":{"line":22,"column":58}},"6":{"start":{"line":22,"column":41},"end":{"line":22,"column":57}},"7":{"start":{"line":27,"column":0},"end":{"line":29,"column":12}},"8":{"start":{"line":28,"column":4},"end":{"line":28,"column":35}},"9":{"start":{"line":31,"column":4},"end":{"line":70,"column":5}},"10":{"start":{"line":60,"column":8},"end":{"line":60,"column":71}}},"fnMap":{"0":{"name":"(anonymous_0)","decl":{"start":{"line":7,"column":15},"end":{"line":7,"column":16}},"loc":{"start":{"line":7,"column":20},"end":{"line":71,"column":1}},"line":7},"1":{"name":"(anonymous_1)","decl":{"start":{"line":22,"column":31},"end":{"line":22,"column":32}},"loc":{"start":{"line":22,"column":41},"end":{"line":22,"column":57}},"line":22},"2":{"name":"(anonymous_2)","decl":{"start":{"line":27,"column":10},"end":{"line":27,"column":11}},"loc":{"start":{"line":27,"column":14},"end":{"line":29,"column":1}},"line":27},"3":{"name":"(anonymous_3)","decl":{"start":{"line":59,"column":91},"end":{"line":59,"column":92}},"loc":{"start":{"line":59,"column":95},"end":{"line":62,"column":5}},"line":59}},"branchMap":{"0":{"loc":{"start":{"line":39,"column":24},"end":{"line":39,"column":50}},"type":"cond-expr","locations":[{"start":{"line":39,"column":39},"end":{"line":39,"column":43}},{"start":{"line":39,"column":46},"end":{"line":39,"column":50}}],"line":39},"1":{"loc":{"start":{"line":60,"column":8},"end":{"line":60,"column":71}},"type":"cond-expr","locations":[{"start":{"line":60,"column":29},"end":{"line":60,"column":49}},{"start":{"line":60,"column":52},"end":{"line":60,"column":71}}],"line":60}},"s":{"0":1,"1":4,"2":4,"3":4,"4":4,"5":4,"6":7,"7":4,"8":4,"9":4,"10":1},"f":{"0":4,"1":7,"2":4,"3":1},"b":{"0":[4,0],"1":[1,0]},"_coverageSchema":"1a1c01bbd47fc00a2c39e90264f33305004495a9","hash":"09b50984c79d9404195c90ea397834e6fb06c6fa"}
,"C:\\Users\\Shubham kahar\\Desktop\\React-Practise\\NamasteReact\\react-4\\src\\components\\sum.js": {"path":"C:\\Users\\Shubham kahar\\Desktop\\React-Practise\\NamasteReact\\react-4\\src\\components\\sum.js","statementMap":{"0":{"start":{"line":1,"column":19},"end":{"line":3,"column":1}},"1":{"start":{"line":2,"column":2},"end":{"line":2,"column":15}}},"fnMap":{"0":{"name":"(anonymous_0)","decl":{"start":{"line":1,"column":19},"end":{"line":1,"column":20}},"loc":{"start":{"line":1,"column":29},"end":{"line":3,"column":1}},"line":1}},"branchMap":{},"s":{"0":1,"1":1},"f":{"0":1},"b":{},"_coverageSchema":"1a1c01bbd47fc00a2c39e90264f33305004495a9","hash":"3ed9f1f58dad545b493f57fab53733e6b16f4798"}
,"C:\\Users\\Shubham kahar\\Desktop\\React-Practise\\NamasteReact\\react-4\\src\\utils\\appStore.jsx": {"path":"C:\\Users\\Shubham kahar\\Desktop\\React-Practise\\NamasteReact\\react-4\\src\\utils\\appStore.jsx","statementMap":{"0":{"start":{"line":4,"column":17},"end":{"line":8,"column":2}}},"fnMap":{},"branchMap":{},"s":{"0":1},"f":{},"b":{},"_coverageSchema":"1a1c01bbd47fc00a2c39e90264f33305004495a9","hash":"7f25e45e34a185dff60a5135445801f1a1ef02aa"}
,"C:\\Users\\Shubham kahar\\Desktop\\React-Practise\\NamasteReact\\react-4\\src\\utils\\cartSlice.jsx": {"path":"C:\\Users\\Shubham kahar\\Desktop\\React-Practise\\NamasteReact\\react-4\\src\\utils\\cartSlice.jsx","statementMap":{"0":{"start":{"line":4,"column":18},"end":{"line":20,"column":2}},"1":{"start":{"line":11,"column":9},"end":{"line":11,"column":42}},"2":{"start":{"line":14,"column":12},"end":{"line":14,"column":30}},"3":{"start":{"line":17,"column":15},"end":{"line":17,"column":38}},"4":{"start":{"line":24,"column":46},"end":{"line":24,"column":63}}},"fnMap":{"0":{"name":"(anonymous_0)","decl":{"start":{"line":10,"column":17},"end":{"line":10,"column":18}},"loc":{"start":{"line":10,"column":33},"end":{"line":12,"column":9}},"line":10},"1":{"name":"(anonymous_1)","decl":{"start":{"line":13,"column":20},"end":{"line":13,"column":21}},"loc":{"start":{"line":13,"column":36},"end":{"line":15,"column":9}},"line":13},"2":{"name":"(anonymous_2)","decl":{"start":{"line":16,"column":19},"end":{"line":16,"column":20}},"loc":{"start":{"line":16,"column":35},"end":{"line":18,"column":9}},"line":16}},"branchMap":{},"s":{"0":1,"1":0,"2":0,"3":0,"4":1},"f":{"0":0,"1":0,"2":0},"b":{},"_coverageSchema":"1a1c01bbd47fc00a2c39e90264f33305004495a9","hash":"3b065a7e251d7903e2e38b7a0bb7196f1b88a1d3"}
,"C:\\Users\\Shubham kahar\\Desktop\\React-Practise\\NamasteReact\\react-4\\src\\utils\\constant.js": {"path":"C:\\Users\\Shubham kahar\\Desktop\\React-Practise\\NamasteReact\\react-4\\src\\utils\\constant.js","statementMap":{"0":{"start":{"line":3,"column":29},"end":{"line":3,"column":112}},"1":{"start":{"line":5,"column":20},"end":{"line":5,"column":157}},"2":{"start":{"line":8,"column":25},"end":{"line":8,"column":135}}},"fnMap":{},"branchMap":{},"s":{"0":1,"1":1,"2":1},"f":{},"b":{},"_coverageSchema":"1a1c01bbd47fc00a2c39e90264f33305004495a9","hash":"16d5f8898b1bb041ad59de366527e12bf3e979bc"}
,"C:\\Users\\Shubham kahar\\Desktop\\React-Practise\\NamasteReact\\react-4\\src\\utils\\useOnlineStatus.jsx": {"path":"C:\\Users\\Shubham kahar\\Desktop\\React-Practise\\NamasteReact\\react-4\\src\\utils\\useOnlineStatus.jsx","statementMap":{"0":{"start":{"line":4,"column":24},"end":{"line":21,"column":1}},"1":{"start":{"line":6,"column":42},"end":{"line":6,"column":56}},"2":{"start":{"line":9,"column":4},"end":{"line":17,"column":9}},"3":{"start":{"line":10,"column":5},"end":{"line":12,"column":7}},"4":{"start":{"line":11,"column":8},"end":{"line":11,"column":30}},"5":{"start":{"line":14,"column":5},"end":{"line":16,"column":7}},"6":{"start":{"line":15,"column":8},"end":{"line":15,"column":30}},"7":{"start":{"line":20,"column":4},"end":{"line":20,"column":24}}},"fnMap":{"0":{"name":"(anonymous_0)","decl":{"start":{"line":4,"column":24},"end":{"line":4,"column":25}},"loc":{"start":{"line":4,"column":30},"end":{"line":21,"column":1}},"line":4},"1":{"name":"(anonymous_1)","decl":{"start":{"line":9,"column":14},"end":{"line":9,"column":15}},"loc":{"start":{"line":9,"column":18},"end":{"line":17,"column":5}},"line":9},"2":{"name":"(anonymous_2)","decl":{"start":{"line":10,"column":39},"end":{"line":10,"column":40}},"loc":{"start":{"line":10,"column":43},"end":{"line":12,"column":6}},"line":10},"3":{"name":"(anonymous_3)","decl":{"start":{"line":14,"column":38},"end":{"line":14,"column":39}},"loc":{"start":{"line":14,"column":42},"end":{"line":16,"column":6}},"line":14}},"branchMap":{},"s":{"0":1,"1":4,"2":4,"3":3,"4":0,"5":3,"6":0,"7":4},"f":{"0":4,"1":3,"2":0,"3":0},"b":{},"_coverageSchema":"1a1c01bbd47fc00a2c39e90264f33305004495a9","hash":"0934cca16589291de0f9e12416ccadeb87b7e201"}
,"C:\\Users\\Shubham kahar\\Desktop\\React-Practise\\NamasteReact\\react-4\\src\\utils\\userContext.jsx": {"path":"C:\\Users\\Shubham kahar\\Desktop\\React-Practise\\NamasteReact\\react-4\\src\\utils\\userContext.jsx","statementMap":{"0":{"start":{"line":3,"column":20},"end":{"line":5,"column":2}}},"fnMap":{},"branchMap":{},"s":{"0":1},"f":{},"b":{},"_coverageSchema":"1a1c01bbd47fc00a2c39e90264f33305004495a9","hash":"a78ed7f9967bbce3303edca3204c5ff452a0d37b"}
}
